#
# A fatal error has been detected by the Java Runtime Environment:
#
#  EXCEPTION_ACCESS_VIOLATION (0xc0000005) at pc=0x0000000058e29575, pid=2864, tid=0x0000000000003794
#
# JRE version: Java(TM) SE Runtime Environment (8.0_92-b14) (build 1.8.0_92-b14)
# Java VM: Java HotSpot(TM) 64-Bit Server VM (25.92-b14 mixed mode windows-amd64 compressed oops)
# Problematic frame:
# V  [jvm.dll+0x129575]
#
# Failed to write core dump. Minidumps are not enabled by default on client versions of Windows
#
# If you would like to submit a bug report, please visit:
#   http://bugreport.java.com/bugreport/crash.jsp
#

---------------  T H R E A D  ---------------

Current thread (0x00000000193c2000):  JavaThread "JDWP Transport Listener: dt_socket" daemon [_thread_in_vm, id=14228, stack(0x0000000019b70000,0x0000000019c70000)]

siginfo: ExceptionCode=0xc0000005, reading address 0x0000007373616c63

Registers:
RAX=0x0000000019c6f501, RBX=0x00000000193c2000, RCX=0x0000007373616c63, RDX=0x0000000000000000
RSP=0x0000000019c6f5a0, RBP=0x0000007373616c63, RSI=0x0000000019c6f6b8, RDI=0x0000000002319c40
R8 =0x00000000193c2000, R9 =0x0000000000008000, R10=0x00000000194a09a0, R11=0x0000000019460660
R12=0x0000000000000000, R13=0x00000000193cd428, R14=0x0000000000000000, R15=0x0000000000000000
RIP=0x0000000058e29575, EFLAGS=0x0000000000010206

Top of Stack: (sp=0x0000000019c6f5a0)
0x0000000019c6f5a0:   00000000193c2000 00000000193c2000
0x0000000019c6f5b0:   0000000019c6f668 000000005902fbab
0x0000000019c6f5c0:   00000000193c2000 000000005904c40d
0x0000000019c6f5d0:   0000000019460660 0000000058c99155
0x0000000019c6f5e0:   00000000194a3070 0000000058ca291e
0x0000000019c6f5f0:   00000000193c2000 0000000000000000
0x0000000019c6f600:   0000000000000000 0000000000000000
0x0000000019c6f610:   0000007373616c63 0000000058ca1a15
0x0000000019c6f620:   0000000019c6f6b8 0000000019c6f690
0x0000000019c6f630:   0000000000000001 00000000194a3070
0x0000000019c6f640:   0000007373616c63 0000000058c853b3
0x0000000019c6f650:   0000000019c6f780 0000000000000001
0x0000000019c6f660:   0000000000000001 00000000194a3070
0x0000000019c6f670:   000000000000000a 0000000000000000
0x0000000019c6f680:   0000000000000000 0000000000000000
0x0000000019c6f690:   0000000000000001 0000000058c85571 

Instructions: (pc=0x0000000058e29575)
0x0000000058e29555:   cc cc cc cc cc cc cc cc cc cc cc 48 83 ec 28 48
0x0000000058e29565:   85 c9 75 07 33 c0 48 83 c4 28 c3 48 89 5c 24 20
0x0000000058e29575:   48 8b 19 48 85 db 74 20 48 83 fb 37 74 1a 48 8b
0x0000000058e29585:   13 48 8b cb ff 52 10 84 c0 74 0d 48 8b c3 48 8b 


Register to memory mapping:

RAX=0x0000000019c6f501 is pointing into the stack for thread: 0x00000000193c2000
RBX=0x00000000193c2000 is a thread
RCX=0x0000007373616c63 is an unknown value
RDX=0x0000000000000000 is an unknown value
RSP=0x0000000019c6f5a0 is pointing into the stack for thread: 0x00000000193c2000
RBP=0x0000007373616c63 is an unknown value
RSI=0x0000000019c6f6b8 is pointing into the stack for thread: 0x00000000193c2000
RDI=0x0000000002319c40 is an unknown value
R8 =0x00000000193c2000 is a thread
R9 =0x0000000000008000 is an unknown value
R10=0x00000000194a09a0 is an unknown value
R11=0x0000000019460660 is an unknown value
R12=0x0000000000000000 is an unknown value
R13=0x00000000193cd428 is an unknown value
R14=0x0000000000000000 is an unknown value
R15=0x0000000000000000 is an unknown value


Stack: [0x0000000019b70000,0x0000000019c70000],  sp=0x0000000019c6f5a0,  free space=1021k
Native frames: (J=compiled Java code, j=interpreted, Vv=VM code, C=native code)
V  [jvm.dll+0x129575]
V  [jvm.dll+0x34c40d]
C  [jdwp.dll+0x21a15]
C  [jdwp.dll+0x53b3]
C  [jdwp.dll+0x5571]
C  [jdwp.dll+0xf0a8]
C  [jdwp.dll+0x1f2d5]
C  [jdwp.dll+0x1f4aa]
V  [jvm.dll+0x1bc3e8]
V  [jvm.dll+0x244314]
V  [jvm.dll+0x29b34a]
C  [msvcr100.dll+0x21d9f]
C  [msvcr100.dll+0x21e3b]
C  [KERNEL32.DLL+0x13d2]
C  [ntdll.dll+0x154e4]


---------------  P R O C E S S  ---------------

Java Threads: ( => current thread )
  0x0000000019492000 JavaThread "Service Thread" daemon [_thread_blocked, id=6692, stack(0x000000001a270000,0x000000001a370000)]
  0x00000000193f6800 JavaThread "C1 CompilerThread3" daemon [_thread_blocked, id=11760, stack(0x000000001a170000,0x000000001a270000)]
  0x00000000193e7800 JavaThread "C2 CompilerThread2" daemon [_thread_blocked, id=6768, stack(0x000000001a070000,0x000000001a170000)]
  0x00000000193e7000 JavaThread "C2 CompilerThread1" daemon [_thread_blocked, id=11172, stack(0x0000000019f70000,0x000000001a070000)]
  0x00000000193dd000 JavaThread "C2 CompilerThread0" daemon [_thread_blocked, id=5664, stack(0x0000000019e70000,0x0000000019f70000)]
  0x00000000193d0800 JavaThread "JDWP Command Reader" daemon [_thread_in_native, id=9736, stack(0x0000000019d70000,0x0000000019e70000)]
  0x00000000193cf000 JavaThread "JDWP Event Helper Thread" daemon [_thread_blocked, id=8628, stack(0x0000000019c70000,0x0000000019d70000)]
=>0x00000000193c2000 JavaThread "JDWP Transport Listener: dt_socket" daemon [_thread_in_vm, id=14228, stack(0x0000000019b70000,0x0000000019c70000)]
  0x00000000193bb800 JavaThread "Attach Listener" daemon [_thread_blocked, id=4024, stack(0x0000000019a70000,0x0000000019b70000)]
  0x00000000193ba000 JavaThread "Signal Dispatcher" daemon [_thread_blocked, id=13624, stack(0x0000000019970000,0x0000000019a70000)]
  0x00000000193b0800 JavaThread "Finalizer" daemon [_thread_blocked, id=12480, stack(0x0000000019790000,0x0000000019890000)]
  0x000000000251a000 JavaThread "Reference Handler" daemon [_thread_blocked, id=3268, stack(0x0000000019290000,0x0000000019390000)]
  0x0000000002422800 JavaThread "main" [_thread_blocked, id=1428, stack(0x0000000002320000,0x0000000002420000)]

Other Threads:
  0x0000000017499000 VMThread [stack: 0x0000000019190000,0x0000000019290000] [id=12744]
  0x00000000194a4000 WatcherThread [stack: 0x000000001a370000,0x000000001a470000] [id=3000]

VM state:not at safepoint (normal execution)

VM Mutex/Monitor currently owned by a thread: None

Heap:
 PSYoungGen      total 38400K, used 2662K [0x00000000d5f00000, 0x00000000d8980000, 0x0000000100000000)
  eden space 33280K, 8% used [0x00000000d5f00000,0x00000000d61999d8,0x00000000d7f80000)
  from space 5120K, 0% used [0x00000000d8480000,0x00000000d8480000,0x00000000d8980000)
  to   space 5120K, 0% used [0x00000000d7f80000,0x00000000d7f80000,0x00000000d8480000)
 ParOldGen       total 87552K, used 0K [0x0000000081c00000, 0x0000000087180000, 0x00000000d5f00000)
  object space 87552K, 0% used [0x0000000081c00000,0x0000000081c00000,0x0000000087180000)
 Metaspace       used 2863K, capacity 4566K, committed 4864K, reserved 1056768K
  class space    used 313K, capacity 390K, committed 512K, reserved 1048576K

Card table byte_map: [0x00000000118e0000,0x0000000011ce0000] byte_map_base: 0x00000000114d2000

Marking Bits: (ParMarkBitMap*) 0x00000000595164f0
 Begin Bits: [0x0000000012790000, 0x0000000014720000)
 End Bits:   [0x0000000014720000, 0x00000000166b0000)

Polling page: 0x00000000021f0000

CodeCache: size=245760Kb used=1146Kb max_used=1146Kb free=244613Kb
 bounds [0x0000000002520000, 0x0000000002790000, 0x0000000011520000]
 total_blobs=281 nmethods=54 adapters=148
 compilation: enabled

Compilation events (10 events):
Event: 0.116 Thread 0x00000000193f6800   49       3       java.lang.String::startsWith (7 bytes)
Event: 0.116 Thread 0x00000000193f6800 nmethod 49 0x000000000263cf10 code [0x000000000263d080, 0x000000000263d2a8]
Event: 0.117 Thread 0x00000000193f6800   50       1       java.net.URL::getFile (5 bytes)
Event: 0.117 Thread 0x00000000193f6800 nmethod 50 0x000000000263d350 code [0x000000000263d4a0, 0x000000000263d5b0]
Event: 0.118 Thread 0x00000000193f6800   51       3       java.lang.String::substring (79 bytes)
Event: 0.119 Thread 0x00000000193f6800 nmethod 51 0x000000000263d610 code [0x000000000263d7e0, 0x000000000263dcd8]
Event: 709.014 Thread 0x00000000193f6800   52       3       java.lang.String::lastIndexOf (52 bytes)
Event: 709.015 Thread 0x00000000193f6800 nmethod 52 0x000000000263e350 code [0x000000000263e4e0, 0x000000000263e888]
Event: 709.015 Thread 0x00000000193f6800   53       3       java.util.concurrent.ConcurrentHashMap::tabAt (21 bytes)
Event: 709.015 Thread 0x00000000193f6800 nmethod 53 0x000000000263ea10 code [0x000000000263eb60, 0x000000000263ed90]

GC Heap History (0 events):
No events

Deoptimization events (0 events):
No events

Internal exceptions (2 events):
Event: 0.032 Thread 0x0000000002422800 Exception <a 'java/lang/NoSuchMethodError': Method sun.misc.Unsafe.defineClass(Ljava/lang/String;[BII)Ljava/lang/Class; name or signature does not match> (0x00000000d5f07cc0) thrown at [D:\re\workspace\8-2-build-windows-amd64-cygwin\jdk8u92\6642\hotspot\srÈ‡°‚ ?
Event: 0.032 Thread 0x0000000002422800 Exception <a 'java/lang/NoSuchMethodError': Method sun.misc.Unsafe.prefetchRead(Ljava/lang/Object;J)V name or signature does not match> (0x00000000d5f07fa8) thrown at [D:\re\workspace\8-2-build-windows-amd64-cygwin\jdk8u92\6642\hotspot\src\share\vm\prims\j

Events (10 events):
Event: 650.390 Executing VM operation: ChangeBreakpoints
Event: 650.390 Executing VM operation: ChangeBreakpoints done
Event: 709.012 Executing VM operation: ChangeBreakpoints
Event: 709.012 Executing VM operation: ChangeBreakpoints done
Event: 709.014 loading class java/io/FileNotFoundException
Event: 709.014 loading class java/io/IOException
Event: 709.014 loading class java/io/IOException done
Event: 709.014 loading class java/io/FileNotFoundException done
Event: 709.016 Executing VM operation: RedefineClasses
Event: 709.017 Executing VM operation: RedefineClasses done


Dynamic libraries:
0x00007ff744b50000 - 0x00007ff744b87000 	C:\Program Files\Java\jdk1.8.0_92\bin\java.exe
0x00007ffbda4f0000 - 0x00007ffbda69d000 	C:\Windows\SYSTEM32\ntdll.dll
0x00007ffbd7b80000 - 0x00007ffbd7cbe000 	C:\Windows\system32\KERNEL32.DLL
0x00007ffbd7930000 - 0x00007ffbd7a45000 	C:\Windows\system32\KERNELBASE.dll
0x00007ffbd61f0000 - 0x00007ffbd627e000 	C:\Windows\system32\apphelp.dll
0x00007ffbc7c30000 - 0x00007ffbc7c83000 	C:\Windows\AppPatch\AppPatch64\AcGenral.DLL
0x00007ffbd8f10000 - 0x00007ffbd8fba000 	C:\Windows\system32\msvcrt.dll
0x00007ffbd7a50000 - 0x00007ffbd7a7e000 	C:\Windows\system32\SspiCli.dll
0x00007ffbd81e0000 - 0x00007ffbd8234000 	C:\Windows\system32\SHLWAPI.dll
0x00007ffbd87e0000 - 0x00007ffbd8957000 	C:\Windows\system32\USER32.dll
0x00007ffbd8cf0000 - 0x00007ffbd8e84000 	C:\Windows\system32\ole32.dll
0x00007ffbd8fc0000 - 0x00007ffbda4ea000 	C:\Windows\system32\SHELL32.dll
0x00007ffbd6c40000 - 0x00007ffbd6c61000 	C:\Windows\SYSTEM32\USERENV.dll
0x00007ffbd7d30000 - 0x00007ffbd7dda000 	C:\Windows\system32\ADVAPI32.dll
0x00007ffbca680000 - 0x00007ffbca69e000 	C:\Windows\SYSTEM32\MPR.dll
0x00007ffbd8310000 - 0x00007ffbd8450000 	C:\Windows\system32\RPCRT4.dll
0x00007ffbd8eb0000 - 0x00007ffbd8f09000 	C:\Windows\SYSTEM32\sechost.dll
0x00007ffbd8450000 - 0x00007ffbd8661000 	C:\Windows\SYSTEM32\combase.dll
0x00007ffbd8090000 - 0x00007ffbd81df000 	C:\Windows\system32\GDI32.dll
0x00007ffbd7620000 - 0x00007ffbd7635000 	C:\Windows\SYSTEM32\profapi.dll
0x00007ffbd5bc0000 - 0x00007ffbd5c72000 	C:\Windows\SYSTEM32\SHCORE.dll
0x00007ffbd8960000 - 0x00007ffbd8996000 	C:\Windows\system32\IMM32.DLL
0x00007ffbd8680000 - 0x00007ffbd87d2000 	C:\Windows\system32\MSCTF.dll
0x00007ffbd52a0000 - 0x00007ffbd551b000 	C:\Windows\WinSxS\amd64_microsoft.windows.common-controls_6595b64144ccf1df_6.0.9600.18006_none_623f33d3ecbe86e8\COMCTL32.dll
0x00000000595a0000 - 0x0000000059672000 	C:\Program Files\Java\jdk1.8.0_92\jre\bin\msvcr100.dll
0x0000000058d00000 - 0x0000000059596000 	C:\Program Files\Java\jdk1.8.0_92\jre\bin\server\jvm.dll
0x00007ffbcfa40000 - 0x00007ffbcfa49000 	C:\Windows\SYSTEM32\WSOCK32.dll
0x00007ffbcfae0000 - 0x00007ffbcfb02000 	C:\Windows\SYSTEM32\WINMM.dll
0x00007ffbd0120000 - 0x00007ffbd012a000 	C:\Windows\SYSTEM32\VERSION.dll
0x00007ffbd8a10000 - 0x00007ffbd8a17000 	C:\Windows\system32\PSAPI.DLL
0x00007ffbd7cd0000 - 0x00007ffbd7d2a000 	C:\Windows\system32\WS2_32.dll
0x00007ffbcfab0000 - 0x00007ffbcfada000 	C:\Windows\SYSTEM32\WINMMBASE.dll
0x00007ffbd8080000 - 0x00007ffbd8089000 	C:\Windows\system32\NSI.dll
0x00007ffbd7a80000 - 0x00007ffbd7acf000 	C:\Windows\SYSTEM32\cfgmgr32.dll
0x00007ffbd6440000 - 0x00007ffbd6468000 	C:\Windows\SYSTEM32\DEVOBJ.dll
0x0000000058cf0000 - 0x0000000058cff000 	C:\Program Files\Java\jdk1.8.0_92\jre\bin\verify.dll
0x0000000058cc0000 - 0x0000000058ce9000 	C:\Program Files\Java\jdk1.8.0_92\jre\bin\java.dll
0x0000000058c80000 - 0x0000000058cb5000 	C:\Program Files\Java\jdk1.8.0_92\jre\bin\jdwp.dll
0x0000000058c70000 - 0x0000000058c78000 	C:\Program Files\Java\jdk1.8.0_92\jre\bin\npt.dll
0x0000000058c50000 - 0x0000000058c66000 	C:\Program Files\Java\jdk1.8.0_92\jre\bin\zip.dll
0x0000000058a20000 - 0x0000000058a29000 	C:\Program Files\Java\jdk1.8.0_92\jre\bin\dt_socket.dll
0x00007ffbd6eb0000 - 0x00007ffbd6f09000 	C:\Windows\system32\mswsock.dll
0x00007ffbcde70000 - 0x00007ffbcdff9000 	C:\Windows\SYSTEM32\dbghelp.dll

VM Arguments:
jvm_args: -agentlib:jdwp=transport=dt_socket,address=127.0.0.1:61773,suspend=y,server=n -Dfile.encoding=UTF-8 
java_command: enigma.Main
java_class_path (initial): C:\Program Files\Java\jdk1.8.0_92\jre\lib\charsets.jar;C:\Program Files\Java\jdk1.8.0_92\jre\lib\deploy.jar;C:\Program Files\Java\jdk1.8.0_92\jre\lib\ext\access-bridge-64.jar;C:\Program Files\Java\jdk1.8.0_92\jre\lib\ext\cldrdata.jar;C:\Program Files\Java\jdk1.8.0_92\jre\lib\ext\dnsns.jar;C:\Program Files\Java\jdk1.8.0_92\jre\lib\ext\jaccess.jar;C:\Program Files\Java\jdk1.8.0_92\jre\lib\ext\jfxrt.jar;C:\Program Files\Java\jdk1.8.0_92\jre\lib\ext\localedata.jar;C:\Program Files\Java\jdk1.8.0_92\jre\lib\ext\nashorn.jar;C:\Program Files\Java\jdk1.8.0_92\jre\lib\ext\sunec.jar;C:\Program Files\Java\jdk1.8.0_92\jre\lib\ext\sunjce_provider.jar;C:\Program Files\Java\jdk1.8.0_92\jre\lib\ext\sunmscapi.jar;C:\Program Files\Java\jdk1.8.0_92\jre\lib\ext\sunpkcs11.jar;C:\Program Files\Java\jdk1.8.0_92\jre\lib\ext\zipfs.jar;C:\Program Files\Java\jdk1.8.0_92\jre\lib\javaws.jar;C:\Program Files\Java\jdk1.8.0_92\jre\lib\jce.jar;C:\Program Files\Java\jdk1.8.0_92\jre\lib\jfr.jar;C:\Program Files\Java\jdk1.8.0_92\jre\lib\jfxswt.jar;C:\Program Files\Java\jdk1.8.0_92\jre\lib\jsse.jar;C:\Program Files\Java\jdk1.8.0_92\jre\lib\management-agent.jar;C:\Program Files\Java\jdk1.8.0_92\jre\lib\plugin.jar;C:\Program Files\Java\jdk1.8.0_92\jre\lib\resources.jar;C:\Program Files\Java\jdk1.8.0_92\jre\lib\rt.jar;C:\Users\henrychang\cs61b\mm\proj1\out\production\proj1;C:\Users\henrychang\cs61b\mm\lib\jh61b.jar;C:\Users\henrychang\cs61b\mm\lib\junit-4.12.jar;C:\Users\henrychang\cs61b\mm\lib\hamcrest-core-1.3.jar;C:\Program Files (x86)\JetBrains\IntelliJ IDEA Community Edition 2016.1.3\lib\idea_rt.jar
Launcher Type: SUN_STANDARD

Environment Variables:
JAVA_HOME=C:\Program Files\Java\jdk1.8.0_92
PATH=C:\ProgramData\Oracle\Java\javapath;C:\Windows\system32;C:\Windows;C:\Windows\System32\Wbem;C:\Windows\System32\WindowsPowerShell\v1.0\;C:\Program Files (x86)\WorldPainter;C:\Program Files (x86)\QuickTime\QTSystem\;C:\Program Files\Java\jdk1.8.0_92\bin;C:\Python34;
USERNAME=henrychang
OS=Windows_NT
PROCESSOR_IDENTIFIER=Intel64 Family 6 Model 58 Stepping 9, GenuineIntel



---------------  S Y S T E M  ---------------

OS: Windows 8.1 , 64 bit Build 9600 (6.3.9600.17415)

CPU:total 8 (4 cores per cpu, 2 threads per core) family 6 model 58 stepping 9, cmov, cx8, fxsr, mmx, sse, sse2, sse3, ssse3, sse4.1, sse4.2, popcnt, avx, aes, clmul, erms, ht, tsc, tscinvbit, tscinv

Memory: 4k page, physical 8270048k(3855884k free), swap 10204472k(3699056k free)

vm_info: Java HotSpot(TM) 64-Bit Server VM (25.92-b14) for windows-amd64 JRE (1.8.0_92-b14), built on Mar 31 2016 21:03:04 by "java_re" with MS VC++ 10.0 (VS2010)

time: Fri Jul 01 12:42:41 2016
elapsed time: 709 seconds (0d 0h 11m 49s)

