#
# A fatal error has been detected by the Java Runtime Environment:
#
#  EXCEPTION_ACCESS_VIOLATION (0xc0000005) at pc=0x0000000058e29583, pid=10244, tid=0x00000000000021d4
#
# JRE version: Java(TM) SE Runtime Environment (8.0_92-b14) (build 1.8.0_92-b14)
# Java VM: Java HotSpot(TM) 64-Bit Server VM (25.92-b14 mixed mode windows-amd64 compressed oops)
# Problematic frame:
# V  [jvm.dll+0x129583]
#
# Failed to write core dump. Minidumps are not enabled by default on client versions of Windows
#
# If you would like to submit a bug report, please visit:
#   http://bugreport.java.com/bugreport/crash.jsp
#

---------------  T H R E A D  ---------------

Current thread (0x0000000018e00800):  JavaThread "JDWP Transport Listener: dt_socket" daemon [_thread_in_vm, id=8660, stack(0x00000000195b0000,0x00000000196b0000)]

siginfo: ExceptionCode=0xc0000005, reading address 0xffffffffffffffff

Registers:
RAX=0x00000000196af601, RBX=0x00127fdb00000013, RCX=0x0000000018ef1da0, RDX=0x0000000000000000
RSP=0x00000000196af660, RBP=0x0000000018ef1da0, RSI=0x00000000196af778, RDI=0x0000000001cc9c40
R8 =0x0000000018e00800, R9 =0x0000000000008000, R10=0x0000000000000000, R11=0x00000000196af908
R12=0x0000000000000000, R13=0x0000000018e0b8e8, R14=0x0000000000000000, R15=0x0000000000000000
RIP=0x0000000058e29583, EFLAGS=0x0000000000010212

Top of Stack: (sp=0x00000000196af660)
0x00000000196af660:   0000000018e00800 0000000018e00800
0x00000000196af670:   00000000196af728 000000005902fbab
0x00000000196af680:   0000000018e00800 000000005904c40d
0x00000000196af690:   0000000000000000 0000000058c79155
0x00000000196af6a0:   0000000018eeb240 0000000058c8291e
0x00000000196af6b0:   0000000018e00800 0000000000000000
0x00000000196af6c0:   0000000000000000 0000000000000000
0x00000000196af6d0:   0000000018ef1da0 0000000058c81a15
0x00000000196af6e0:   00000000196af778 00000000196af750
0x00000000196af6f0:   0000000000000001 0000000018eeb240
0x00000000196af700:   0000000018ef1da0 0000000058c653b3
0x00000000196af710:   00000000196af840 0000000000000001
0x00000000196af720:   0000000000000001 0000000018eeb240
0x00000000196af730:   0000000000000009 0000000000000000
0x00000000196af740:   0000000000000000 0000000000000000
0x00000000196af750:   0000000000000001 0000000058c65571 

Instructions: (pc=0x0000000058e29583)
0x0000000058e29563:   28 48 85 c9 75 07 33 c0 48 83 c4 28 c3 48 89 5c
0x0000000058e29573:   24 20 48 8b 19 48 85 db 74 20 48 83 fb 37 74 1a
0x0000000058e29583:   48 8b 13 48 8b cb ff 52 10 84 c0 74 0d 48 8b c3
0x0000000058e29593:   48 8b 5c 24 20 48 83 c4 28 c3 33 c0 48 8b 5c 24 


Register to memory mapping:

RAX=0x00000000196af601 is pointing into the stack for thread: 0x0000000018e00800
RBX=0x00127fdb00000013 is an unknown value
RCX=0x0000000018ef1da0 is an unknown value
RDX=0x0000000000000000 is an unknown value
RSP=0x00000000196af660 is pointing into the stack for thread: 0x0000000018e00800
RBP=0x0000000018ef1da0 is an unknown value
RSI=0x00000000196af778 is pointing into the stack for thread: 0x0000000018e00800
RDI=0x0000000001cc9c40 is an unknown value
R8 =0x0000000018e00800 is a thread
R9 =0x0000000000008000 is an unknown value
R10=0x0000000000000000 is an unknown value
R11=0x00000000196af908 is pointing into the stack for thread: 0x0000000018e00800
R12=0x0000000000000000 is an unknown value
R13=0x0000000018e0b8e8 is an unknown value
R14=0x0000000000000000 is an unknown value
R15=0x0000000000000000 is an unknown value


Stack: [0x00000000195b0000,0x00000000196b0000],  sp=0x00000000196af660,  free space=1021k
Native frames: (J=compiled Java code, j=interpreted, Vv=VM code, C=native code)
V  [jvm.dll+0x129583]
V  [jvm.dll+0x34c40d]
C  [jdwp.dll+0x21a15]
C  [jdwp.dll+0x53b3]
C  [jdwp.dll+0x5571]
C  [jdwp.dll+0xf0a8]
C  [jdwp.dll+0x1f2d5]
C  [jdwp.dll+0x1f4aa]
V  [jvm.dll+0x1bc3e8]
V  [jvm.dll+0x244314]
V  [jvm.dll+0x29b34a]
C  [msvcr100.dll+0x21d9f]
C  [msvcr100.dll+0x21e3b]
C  [KERNEL32.DLL+0x13d2]
C  [ntdll.dll+0x154e4]


---------------  P R O C E S S  ---------------

Java Threads: ( => current thread )
  0x0000000018ecc000 JavaThread "Service Thread" daemon [_thread_blocked, id=9164, stack(0x0000000019cb0000,0x0000000019db0000)]
  0x0000000018e32800 JavaThread "C1 CompilerThread3" daemon [_thread_blocked, id=12596, stack(0x0000000019bb0000,0x0000000019cb0000)]
  0x0000000018e30000 JavaThread "C2 CompilerThread2" daemon [_thread_blocked, id=4896, stack(0x0000000019ab0000,0x0000000019bb0000)]
  0x0000000018e27000 JavaThread "C2 CompilerThread1" daemon [_thread_blocked, id=11140, stack(0x00000000199b0000,0x0000000019ab0000)]
  0x0000000018e2b000 JavaThread "C2 CompilerThread0" daemon [_thread_blocked, id=9124, stack(0x00000000198b0000,0x00000000199b0000)]
  0x0000000018e11000 JavaThread "JDWP Command Reader" daemon [_thread_in_native, id=1604, stack(0x00000000197b0000,0x00000000198b0000)]
  0x0000000018e0e000 JavaThread "JDWP Event Helper Thread" daemon [_thread_blocked, id=13636, stack(0x00000000196b0000,0x00000000197b0000)]
=>0x0000000018e00800 JavaThread "JDWP Transport Listener: dt_socket" daemon [_thread_in_vm, id=8660, stack(0x00000000195b0000,0x00000000196b0000)]
  0x0000000018df9000 JavaThread "Attach Listener" daemon [_thread_blocked, id=220, stack(0x00000000194b0000,0x00000000195b0000)]
  0x0000000018df8000 JavaThread "Signal Dispatcher" daemon [_thread_blocked, id=10076, stack(0x00000000193b0000,0x00000000194b0000)]
  0x0000000001f8e800 JavaThread "Finalizer" daemon [_thread_blocked, id=11732, stack(0x00000000191d0000,0x00000000192d0000)]
  0x0000000001f87000 JavaThread "Reference Handler" daemon [_thread_blocked, id=10232, stack(0x0000000018cd0000,0x0000000018dd0000)]
  0x0000000001e92800 JavaThread "main" [_thread_blocked, id=14252, stack(0x0000000001d90000,0x0000000001e90000)]

Other Threads:
  0x0000000016f09800 VMThread [stack: 0x0000000018bd0000,0x0000000018cd0000] [id=7844]
  0x0000000018eec800 WatcherThread [stack: 0x0000000019db0000,0x0000000019eb0000] [id=7824]

VM state:not at safepoint (normal execution)

VM Mutex/Monitor currently owned by a thread: None

Heap:
 PSYoungGen      total 38400K, used 1996K [0x00000000d5f00000, 0x00000000d8980000, 0x0000000100000000)
  eden space 33280K, 6% used [0x00000000d5f00000,0x00000000d60f3360,0x00000000d7f80000)
  from space 5120K, 0% used [0x00000000d8480000,0x00000000d8480000,0x00000000d8980000)
  to   space 5120K, 0% used [0x00000000d7f80000,0x00000000d7f80000,0x00000000d8480000)
 ParOldGen       total 87552K, used 0K [0x0000000081c00000, 0x0000000087180000, 0x00000000d5f00000)
  object space 87552K, 0% used [0x0000000081c00000,0x0000000081c00000,0x0000000087180000)
 Metaspace       used 3509K, capacity 5272K, committed 5376K, reserved 1056768K
  class space    used 349K, capacity 456K, committed 512K, reserved 1048576K

Card table byte_map: [0x0000000011350000,0x0000000011750000] byte_map_base: 0x0000000010f42000

Marking Bits: (ParMarkBitMap*) 0x00000000595164f0
 Begin Bits: [0x0000000012200000, 0x0000000014190000)
 End Bits:   [0x0000000014190000, 0x0000000016120000)

Polling page: 0x0000000001c70000

CodeCache: size=245760Kb used=1139Kb max_used=1139Kb free=244620Kb
 bounds [0x0000000001f90000, 0x0000000002200000, 0x0000000010f90000]
 total_blobs=275 nmethods=49 adapters=147
 compilation: enabled

Compilation events (10 events):
Event: 0.111 Thread 0x0000000018e32800   45       3       java.io.WinNTFileSystem::normalize (143 bytes)
Event: 0.111 Thread 0x0000000018e32800 nmethod 45 0x00000000020aae90 code [0x00000000020ab080, 0x00000000020ab908]
Event: 0.115 Thread 0x0000000018e32800   46       3       java.lang.AbstractStringBuilder::expandCapacity (50 bytes)
Event: 0.115 Thread 0x0000000018e32800 nmethod 46 0x00000000020abd10 code [0x00000000020abec0, 0x00000000020ac438]
Event: 0.116 Thread 0x0000000018e32800   47       1       java.util.ArrayList::size (5 bytes)
Event: 0.116 Thread 0x0000000018e32800 nmethod 47 0x00000000020ac690 code [0x00000000020ac7e0, 0x00000000020ac8f0]
Event: 0.116 Thread 0x0000000018e32800   48       3       java.lang.String::startsWith (7 bytes)
Event: 0.116 Thread 0x0000000018e32800 nmethod 48 0x00000000020ac950 code [0x00000000020acac0, 0x00000000020acce8]
Event: 0.116 Thread 0x0000000018e32800   49       1       java.net.URL::getFile (5 bytes)
Event: 0.116 Thread 0x0000000018e32800 nmethod 49 0x00000000020acd90 code [0x00000000020acee0, 0x00000000020acff0]

GC Heap History (0 events):
No events

Deoptimization events (0 events):
No events

Internal exceptions (2 events):
Event: 0.033 Thread 0x0000000001e92800 Exception <a 'java/lang/NoSuchMethodError': Method sun.misc.Unsafe.defineClass(Ljava/lang/String;[BII)Ljava/lang/Class; name or signature does not match> (0x00000000d5f07cc0) thrown at [D:\re\workspace\8-2-build-windows-amd64-cygwin\jdk8u92\6642\hotspot\sr'µ‡È ?
Event: 0.033 Thread 0x0000000001e92800 Exception <a 'java/lang/NoSuchMethodError': Method sun.misc.Unsafe.prefetchRead(Ljava/lang/Object;J)V name or signature does not match> (0x00000000d5f07fa8) thrown at [D:\re\workspace\8-2-build-windows-amd64-cygwin\jdk8u92\6642\hotspot\src\share\vm\prims\j

Events (10 events):
Event: 7027.234 Executing VM operation: GetOrSetLocal
Event: 7027.234 Executing VM operation: GetOrSetLocal done
Event: 7031.723 Executing VM operation: RedefineClasses
Event: 7031.724 Executing VM operation: RedefineClasses done
Event: 7031.728 Executing VM operation: GetOrSetLocal
Event: 7031.728 Executing VM operation: GetOrSetLocal done
Event: 8383.283 Executing VM operation: RedefineClasses
Event: 8383.284 Executing VM operation: RedefineClasses done
Event: 8383.304 Executing VM operation: GetOrSetLocal
Event: 8383.304 Executing VM operation: GetOrSetLocal done


Dynamic libraries:
0x00007ff744b50000 - 0x00007ff744b87000 	C:\Program Files\Java\jdk1.8.0_92\bin\java.exe
0x00007ffbda4f0000 - 0x00007ffbda69d000 	C:\Windows\SYSTEM32\ntdll.dll
0x00007ffbd7b80000 - 0x00007ffbd7cbe000 	C:\Windows\system32\KERNEL32.DLL
0x00007ffbd7930000 - 0x00007ffbd7a45000 	C:\Windows\system32\KERNELBASE.dll
0x00007ffbd61f0000 - 0x00007ffbd627e000 	C:\Windows\system32\apphelp.dll
0x00007ffbc7c30000 - 0x00007ffbc7c83000 	C:\Windows\AppPatch\AppPatch64\AcGenral.DLL
0x00007ffbd8f10000 - 0x00007ffbd8fba000 	C:\Windows\system32\msvcrt.dll
0x00007ffbd7a50000 - 0x00007ffbd7a7e000 	C:\Windows\system32\SspiCli.dll
0x00007ffbd81e0000 - 0x00007ffbd8234000 	C:\Windows\system32\SHLWAPI.dll
0x00007ffbd87e0000 - 0x00007ffbd8957000 	C:\Windows\system32\USER32.dll
0x00007ffbd8cf0000 - 0x00007ffbd8e84000 	C:\Windows\system32\ole32.dll
0x00007ffbd8fc0000 - 0x00007ffbda4ea000 	C:\Windows\system32\SHELL32.dll
0x00007ffbd6c40000 - 0x00007ffbd6c61000 	C:\Windows\SYSTEM32\USERENV.dll
0x00007ffbd7d30000 - 0x00007ffbd7dda000 	C:\Windows\system32\ADVAPI32.dll
0x00007ffbca680000 - 0x00007ffbca69e000 	C:\Windows\SYSTEM32\MPR.dll
0x00007ffbd8310000 - 0x00007ffbd8450000 	C:\Windows\system32\RPCRT4.dll
0x00007ffbd8eb0000 - 0x00007ffbd8f09000 	C:\Windows\SYSTEM32\sechost.dll
0x00007ffbd8450000 - 0x00007ffbd8661000 	C:\Windows\SYSTEM32\combase.dll
0x00007ffbd8090000 - 0x00007ffbd81df000 	C:\Windows\system32\GDI32.dll
0x00007ffbd7620000 - 0x00007ffbd7635000 	C:\Windows\SYSTEM32\profapi.dll
0x00007ffbd5bc0000 - 0x00007ffbd5c72000 	C:\Windows\SYSTEM32\SHCORE.dll
0x00007ffbd8960000 - 0x00007ffbd8996000 	C:\Windows\system32\IMM32.DLL
0x00007ffbd8680000 - 0x00007ffbd87d2000 	C:\Windows\system32\MSCTF.dll
0x00007ffbd52a0000 - 0x00007ffbd551b000 	C:\Windows\WinSxS\amd64_microsoft.windows.common-controls_6595b64144ccf1df_6.0.9600.18006_none_623f33d3ecbe86e8\COMCTL32.dll
0x00000000595a0000 - 0x0000000059672000 	C:\Program Files\Java\jdk1.8.0_92\jre\bin\msvcr100.dll
0x0000000058d00000 - 0x0000000059596000 	C:\Program Files\Java\jdk1.8.0_92\jre\bin\server\jvm.dll
0x00007ffbcfa40000 - 0x00007ffbcfa49000 	C:\Windows\SYSTEM32\WSOCK32.dll
0x00007ffbcfae0000 - 0x00007ffbcfb02000 	C:\Windows\SYSTEM32\WINMM.dll
0x00007ffbd0120000 - 0x00007ffbd012a000 	C:\Windows\SYSTEM32\VERSION.dll
0x00007ffbd8a10000 - 0x00007ffbd8a17000 	C:\Windows\system32\PSAPI.DLL
0x00007ffbd7cd0000 - 0x00007ffbd7d2a000 	C:\Windows\system32\WS2_32.dll
0x00007ffbcfab0000 - 0x00007ffbcfada000 	C:\Windows\SYSTEM32\WINMMBASE.dll
0x00007ffbd8080000 - 0x00007ffbd8089000 	C:\Windows\system32\NSI.dll
0x00007ffbd7a80000 - 0x00007ffbd7acf000 	C:\Windows\SYSTEM32\cfgmgr32.dll
0x00007ffbd6440000 - 0x00007ffbd6468000 	C:\Windows\SYSTEM32\DEVOBJ.dll
0x0000000058cf0000 - 0x0000000058cff000 	C:\Program Files\Java\jdk1.8.0_92\jre\bin\verify.dll
0x0000000058cc0000 - 0x0000000058ce9000 	C:\Program Files\Java\jdk1.8.0_92\jre\bin\java.dll
0x0000000058c60000 - 0x0000000058c95000 	C:\Program Files\Java\jdk1.8.0_92\jre\bin\jdwp.dll
0x0000000058c50000 - 0x0000000058c58000 	C:\Program Files\Java\jdk1.8.0_92\jre\bin\npt.dll
0x0000000058ca0000 - 0x0000000058cb6000 	C:\Program Files\Java\jdk1.8.0_92\jre\bin\zip.dll
0x0000000058a20000 - 0x0000000058a29000 	C:\Program Files\Java\jdk1.8.0_92\jre\bin\dt_socket.dll
0x00007ffbd6eb0000 - 0x00007ffbd6f09000 	C:\Windows\system32\mswsock.dll
0x00007ffbcde70000 - 0x00007ffbcdff9000 	C:\Windows\SYSTEM32\dbghelp.dll

VM Arguments:
jvm_args: -agentlib:jdwp=transport=dt_socket,address=127.0.0.1:60886,suspend=y,server=n -Dfile.encoding=UTF-8 
java_command: enigma.Main
java_class_path (initial): C:\Program Files\Java\jdk1.8.0_92\jre\lib\charsets.jar;C:\Program Files\Java\jdk1.8.0_92\jre\lib\deploy.jar;C:\Program Files\Java\jdk1.8.0_92\jre\lib\ext\access-bridge-64.jar;C:\Program Files\Java\jdk1.8.0_92\jre\lib\ext\cldrdata.jar;C:\Program Files\Java\jdk1.8.0_92\jre\lib\ext\dnsns.jar;C:\Program Files\Java\jdk1.8.0_92\jre\lib\ext\jaccess.jar;C:\Program Files\Java\jdk1.8.0_92\jre\lib\ext\jfxrt.jar;C:\Program Files\Java\jdk1.8.0_92\jre\lib\ext\localedata.jar;C:\Program Files\Java\jdk1.8.0_92\jre\lib\ext\nashorn.jar;C:\Program Files\Java\jdk1.8.0_92\jre\lib\ext\sunec.jar;C:\Program Files\Java\jdk1.8.0_92\jre\lib\ext\sunjce_provider.jar;C:\Program Files\Java\jdk1.8.0_92\jre\lib\ext\sunmscapi.jar;C:\Program Files\Java\jdk1.8.0_92\jre\lib\ext\sunpkcs11.jar;C:\Program Files\Java\jdk1.8.0_92\jre\lib\ext\zipfs.jar;C:\Program Files\Java\jdk1.8.0_92\jre\lib\javaws.jar;C:\Program Files\Java\jdk1.8.0_92\jre\lib\jce.jar;C:\Program Files\Java\jdk1.8.0_92\jre\lib\jfr.jar;C:\Program Files\Java\jdk1.8.0_92\jre\lib\jfxswt.jar;C:\Program Files\Java\jdk1.8.0_92\jre\lib\jsse.jar;C:\Program Files\Java\jdk1.8.0_92\jre\lib\management-agent.jar;C:\Program Files\Java\jdk1.8.0_92\jre\lib\plugin.jar;C:\Program Files\Java\jdk1.8.0_92\jre\lib\resources.jar;C:\Program Files\Java\jdk1.8.0_92\jre\lib\rt.jar;C:\Users\henrychang\cs61b\mm\proj1\out\production\proj1;C:\Users\henrychang\cs61b\mm\lib\jh61b.jar;C:\Users\henrychang\cs61b\mm\lib\junit-4.12.jar;C:\Users\henrychang\cs61b\mm\lib\hamcrest-core-1.3.jar;C:\Program Files (x86)\JetBrains\IntelliJ IDEA Community Edition 2016.1.3\lib\idea_rt.jar
Launcher Type: SUN_STANDARD

Environment Variables:
JAVA_HOME=C:\Program Files\Java\jdk1.8.0_92
PATH=C:\ProgramData\Oracle\Java\javapath;C:\Windows\system32;C:\Windows;C:\Windows\System32\Wbem;C:\Windows\System32\WindowsPowerShell\v1.0\;C:\Program Files (x86)\WorldPainter;C:\Program Files (x86)\QuickTime\QTSystem\;C:\Program Files\Java\jdk1.8.0_92\bin;C:\Python34;
USERNAME=henrychang
OS=Windows_NT
PROCESSOR_IDENTIFIER=Intel64 Family 6 Model 58 Stepping 9, GenuineIntel



---------------  S Y S T E M  ---------------

OS: Windows 8.1 , 64 bit Build 9600 (6.3.9600.17415)

CPU:total 8 (4 cores per cpu, 2 threads per core) family 6 model 58 stepping 9, cmov, cx8, fxsr, mmx, sse, sse2, sse3, ssse3, sse4.1, sse4.2, popcnt, avx, aes, clmul, erms, ht, tsc, tscinvbit, tscinv

Memory: 4k page, physical 8270048k(3516848k free), swap 10859832k(1764028k free)

vm_info: Java HotSpot(TM) 64-Bit Server VM (25.92-b14) for windows-amd64 JRE (1.8.0_92-b14), built on Mar 31 2016 21:03:04 by "java_re" with MS VC++ 10.0 (VS2010)

time: Fri Jul 01 12:25:33 2016
elapsed time: 8393 seconds (0d 2h 19m 53s)

